<?xml version="1.0" encoding="UTF-8"?>
<!-- Generated by org.testng.reporters.JUnitReportReporter -->
<testsuite hostname="DESKTOP-NDR2GDP" failures="0" tests="6" name="tests.LoginPageTest" time="36.166" errors="0" timestamp="2022-12-27T18:46:11 CET" skipped="0">
  <testcase classname="tests.LoginPageTest" name="loginWithProperParameters" time="4.818"/>
  <system-out/>
  <testcase classname="tests.LoginPageTest" name="loginWithProperParameters" time="5.514"/>
  <system-out/>
  <testcase classname="tests.LoginPageTest" name="loginWithoutAnyParameters" time="9.019"/>
  <system-out/>
  <testcase classname="tests.LoginPageTest" name="loginWithOnlyUsername" time="6.583"/>
  <system-out/>
  <testcase classname="tests.LoginPageTest" name="loginWithOnlyPassword" time="5.037"/>
  <system-out/>
  <testcase classname="tests.LoginPageTest" name="logoutTest" time="5.195"/>
  <system-out/>
</testsuite> <!-- tests.LoginPageTest -->
