<?xml version="1.0" encoding="UTF-8"?>
<!-- Generated by org.testng.reporters.JUnitReportReporter -->
<testsuite hostname="DESKTOP-NDR2GDP" failures="0" tests="1" name="tests.EndToEndFunctionalityTest" time="6.918" errors="0" timestamp="2022-12-27T18:46:11 CET" skipped="0">
  <testcase classname="tests.EndToEndFunctionalityTest" name="endToEndTest" time="6.918"/>
  <system-out/>
</testsuite> <!-- tests.EndToEndFunctionalityTest -->
